# JRE version: Java(TM) SE Runtime Environment (17.0.5+9) (build 17.0.5+9-LTS-191)
# Java VM: Java HotSpot(TM) 64-Bit Server VM (17.0.5+9-LTS-191, mixed mode, sharing, tiered, compressed oops, compressed class ptrs, g1 gc, linux-amd64)
GC Precious Log:
 CPUs: 20 total, 20 available
 Memory: 31761M
 Large Page Support: Disabled
 NUMA Support: Disabled
 Compressed Oops: Enabled (Zero based)
 Heap Region Size: 4M
 Heap Min Capacity: 8M
 Heap Initial Capacity: 500M
 Heap Max Capacity: 7944M
 Pre-touch: Disabled
 Parallel Workers: 15
 Concurrent Workers: 4
 Concurrent Refinement Workers: 15
 Periodic GC: Disabled
Heap:
 garbage-first heap   total 507904K, used 215906K [0x000000060f800000, 0x0000000800000000)
  region size 4096K, 7 young (28672K), 1 survivors (4096K)
 Metaspace       used 67232K, committed 67776K, reserved 1114112K
  class space    used 8459K, committed 8704K, reserved 1048576K
GC Heap History (20 events):
Event: 88,972 GC heap before
{Heap before GC invocations=62 (full 0):
 garbage-first heap   total 507904K, used 437797K [0x000000060f800000, 0x0000000800000000)
  region size 4096K, 60 young (245760K), 1 survivors (4096K)
 Metaspace       used 66991K, committed 67520K, reserved 1114112K
  class space    used 8447K, committed 8704K, reserved 1048576K
}
Event: 88,974 GC heap after
{Heap after GC invocations=63 (full 0):
 garbage-first heap   total 507904K, used 196372K [0x000000060f800000, 0x0000000800000000)
  region size 4096K, 2 young (8192K), 2 survivors (8192K)
 Metaspace       used 66991K, committed 67520K, reserved 1114112K
  class space    used 8447K, committed 8704K, reserved 1048576K
}
Event: 96,728 GC heap before
{Heap before GC invocations=63 (full 0):
 garbage-first heap   total 507904K, used 433940K [0x000000060f800000, 0x0000000800000000)
  region size 4096K, 62 young (253952K), 2 survivors (8192K)
 Metaspace       used 66991K, committed 67520K, reserved 1114112K
  class space    used 8447K, committed 8704K, reserved 1048576K
}
Event: 96,730 GC heap after
{Heap after GC invocations=64 (full 0):
 garbage-first heap   total 507904K, used 196645K [0x000000060f800000, 0x0000000800000000)
  region size 4096K, 2 young (8192K), 2 survivors (8192K)
 Metaspace       used 66991K, committed 67520K, reserved 1114112K
  class space    used 8447K, committed 8704K, reserved 1048576K
}
Event: 102,250 GC heap before
{Heap before GC invocations=64 (full 0):
 garbage-first heap   total 507904K, used 434213K [0x000000060f800000, 0x0000000800000000)
  region size 4096K, 60 young (245760K), 2 survivors (8192K)
 Metaspace       used 67067K, committed 67584K, reserved 1114112K
  class space    used 8447K, committed 8704K, reserved 1048576K
}
Event: 102,251 GC heap after
{Heap after GC invocations=65 (full 0):
 garbage-first heap   total 507904K, used 195859K [0x000000060f800000, 0x0000000800000000)
  region size 4096K, 1 young (4096K), 1 survivors (4096K)
 Metaspace       used 67067K, committed 67584K, reserved 1114112K
  class space    used 8447K, committed 8704K, reserved 1048576K
}
Event: 105,310 GC heap before
{Heap before GC invocations=65 (full 0):
 garbage-first heap   total 507904K, used 441619K [0x000000060f800000, 0x0000000800000000)
  region size 4096K, 61 young (249856K), 1 survivors (4096K)
 Metaspace       used 67067K, committed 67584K, reserved 1114112K
  class space    used 8447K, committed 8704K, reserved 1048576K
}
Event: 105,312 GC heap after
{Heap after GC invocations=66 (full 0):
 garbage-first heap   total 507904K, used 195354K [0x000000060f800000, 0x0000000800000000)
  region size 4096K, 1 young (4096K), 1 survivors (4096K)
 Metaspace       used 67067K, committed 67584K, reserved 1114112K
  class space    used 8447K, committed 8704K, reserved 1048576K
}
Event: 111,026 GC heap before
{Heap before GC invocations=66 (full 0):
 garbage-first heap   total 507904K, used 432922K [0x000000060f800000, 0x0000000800000000)
  region size 4096K, 60 young (245760K), 1 survivors (4096K)
 Metaspace       used 67095K, committed 67584K, reserved 1114112K
  class space    used 8447K, committed 8704K, reserved 1048576K
}
Event: 111,029 GC heap after
{Heap after GC invocations=67 (full 0):
 garbage-first heap   total 507904K, used 196102K [0x000000060f800000, 0x0000000800000000)
  region size 4096K, 1 young (4096K), 1 survivors (4096K)
 Metaspace       used 67095K, committed 67584K, reserved 1114112K
  class space    used 8447K, committed 8704K, reserved 1048576K
}
Event: 116,429 GC heap before
{Heap before GC invocations=67 (full 0):
 garbage-first heap   total 507904K, used 437766K [0x000000060f800000, 0x0000000800000000)
  region size 4096K, 60 young (245760K), 1 survivors (4096K)
 Metaspace       used 67095K, committed 67584K, reserved 1114112K
  class space    used 8447K, committed 8704K, reserved 1048576K
}
Event: 116,432 GC heap after
{Heap after GC invocations=68 (full 0):
 garbage-first heap   total 507904K, used 197303K [0x000000060f800000, 0x0000000800000000)
  region size 4096K, 1 young (4096K), 1 survivors (4096K)
 Metaspace       used 67095K, committed 67584K, reserved 1114112K
  class space    used 8447K, committed 8704K, reserved 1048576K
}
Event: 124,774 GC heap before
{Heap before GC invocations=68 (full 0):
 garbage-first heap   total 507904K, used 434871K [0x000000060f800000, 0x0000000800000000)
  region size 4096K, 60 young (245760K), 1 survivors (4096K)
 Metaspace       used 67125K, committed 67648K, reserved 1114112K
  class space    used 8447K, committed 8704K, reserved 1048576K
}
Event: 124,776 GC heap after
{Heap after GC invocations=69 (full 0):
 garbage-first heap   total 507904K, used 195464K [0x000000060f800000, 0x0000000800000000)
  region size 4096K, 1 young (4096K), 1 survivors (4096K)
 Metaspace       used 67125K, committed 67648K, reserved 1114112K
  class space    used 8447K, committed 8704K, reserved 1048576K
}
Event: 130,401 GC heap before
{Heap before GC invocations=69 (full 0):
 garbage-first heap   total 507904K, used 437128K [0x000000060f800000, 0x0000000800000000)
  region size 4096K, 60 young (245760K), 1 survivors (4096K)
 Metaspace       used 67139K, committed 67648K, reserved 1114112K
  class space    used 8447K, committed 8704K, reserved 1048576K
}
Event: 130,404 GC heap after
{Heap after GC invocations=70 (full 0):
 garbage-first heap   total 507904K, used 195720K [0x000000060f800000, 0x0000000800000000)
  region size 4096K, 1 young (4096K), 1 survivors (4096K)
 Metaspace       used 67139K, committed 67648K, reserved 1114112K
  class space    used 8447K, committed 8704K, reserved 1048576K
}
Event: 136,261 GC heap before
{Heap before GC invocations=70 (full 0):
 garbage-first heap   total 507904K, used 437384K [0x000000060f800000, 0x0000000800000000)
  region size 4096K, 60 young (245760K), 1 survivors (4096K)
 Metaspace       used 67144K, committed 67648K, reserved 1114112K
  class space    used 8447K, committed 8704K, reserved 1048576K
}
Event: 136,263 GC heap after
{Heap after GC invocations=71 (full 0):
 garbage-first heap   total 507904K, used 196514K [0x000000060f800000, 0x0000000800000000)
  region size 4096K, 1 young (4096K), 1 survivors (4096K)
 Metaspace       used 67144K, committed 67648K, reserved 1114112K
  class space    used 8447K, committed 8704K, reserved 1048576K
}
Event: 139,275 GC heap before
{Heap before GC invocations=71 (full 0):
 garbage-first heap   total 507904K, used 438178K [0x000000060f800000, 0x0000000800000000)
  region size 4096K, 60 young (245760K), 1 survivors (4096K)
 Metaspace       used 67167K, committed 67712K, reserved 1114112K
  class space    used 8447K, committed 8704K, reserved 1048576K
}
Event: 139,278 GC heap after
{Heap after GC invocations=72 (full 0):
 garbage-first heap   total 507904K, used 195426K [0x000000060f800000, 0x0000000800000000)
  region size 4096K, 1 young (4096K), 1 survivors (4096K)
 Metaspace       used 67167K, committed 67712K, reserved 1114112K
  class space    used 8447K, committed 8704K, reserved 1048576K
}

